0 info it worked if it ends with ok
1 verbose cli [ 'node', '/usr/local/bin/npm', 'install', 'node-daemon', '-g' ]
2 info using npm@2.14.3
3 info using node@v0.12.7
4 verbose install initial load of /usr/local/lib/package.json
5 verbose readDependencies loading dependencies from /usr/local/lib/package.json
6 silly cache add args [ 'node-daemon', null ]
7 verbose cache add spec node-daemon
8 silly cache add parsed spec { raw: 'node-daemon',
8 silly cache add   scope: null,
8 silly cache add   name: 'node-daemon',
8 silly cache add   rawSpec: '',
8 silly cache add   spec: '*',
8 silly cache add   type: 'range' }
9 silly addNamed node-daemon@*
10 verbose addNamed "*" is a valid semver range for node-daemon
11 silly addNameRange { name: 'node-daemon', range: '*', hasData: false }
12 silly mapToRegistry name node-daemon
13 silly mapToRegistry using default registry
14 silly mapToRegistry registry https://registry.npmjs.org/
15 silly mapToRegistry uri https://registry.npmjs.org/node-daemon
16 verbose addNameRange registry:https://registry.npmjs.org/node-daemon not in flight; fetching
17 verbose request uri https://registry.npmjs.org/node-daemon
18 verbose request no auth needed
19 info attempt registry request try #1 at 8:44:48 PM
20 verbose request id 724f0e09021cff35
21 http request GET https://registry.npmjs.org/node-daemon
22 http 200 https://registry.npmjs.org/node-daemon
23 silly get cb [ 200,
23 silly get   { server: 'CouchDB/1.5.0 (Erlang OTP/R16B03)',
23 silly get     etag: '"9EF5NSOKY7349GHKUJMCJKCY7"',
23 silly get     'content-type': 'application/json',
23 silly get     'cache-control': 'max-age=60',
23 silly get     'content-length': '16959',
23 silly get     'accept-ranges': 'bytes',
23 silly get     date: 'Thu, 15 Oct 2015 03:44:48 GMT',
23 silly get     via: '1.1 varnish',
23 silly get     age: '0',
23 silly get     connection: 'keep-alive',
23 silly get     'x-served-by': 'cache-sjc3135-SJC',
23 silly get     'x-cache': 'MISS',
23 silly get     'x-cache-hits': '0',
23 silly get     'x-timer': 'S1444880688.885682,VS0,VE39',
23 silly get     vary: 'Accept' } ]
24 verbose get saving node-daemon to /Users/charleslee/.npm/registry.npmjs.org/node-daemon/.cache.json
25 silly addNameRange number 2 { name: 'node-daemon', range: '*', hasData: true }
26 silly addNameRange versions [ 'node-daemon',
26 silly addNameRange   [ '0.0.3',
26 silly addNameRange     '0.0.4',
26 silly addNameRange     '0.0.6',
26 silly addNameRange     '0.0.9',
26 silly addNameRange     '0.0.10',
26 silly addNameRange     '0.0.11',
26 silly addNameRange     '0.0.12',
26 silly addNameRange     '0.0.13',
26 silly addNameRange     '0.0.14',
26 silly addNameRange     '0.0.15' ] ]
27 silly addNamed node-daemon@0.0.15
28 verbose addNamed "0.0.15" is a plain semver version for node-daemon
29 silly mapToRegistry name node-daemon
30 silly mapToRegistry using default registry
31 silly mapToRegistry registry https://registry.npmjs.org/
32 silly mapToRegistry uri https://registry.npmjs.org/node-daemon
33 verbose addRemoteTarball https://registry.npmjs.org/node-daemon/-/node-daemon-0.0.15.tgz not in flight; adding
34 verbose addRemoteTarball [ 'https://registry.npmjs.org/node-daemon/-/node-daemon-0.0.15.tgz',
34 verbose addRemoteTarball   'b38282bb7bf1182dfa0acf61da5f2c199a6913e4' ]
35 info retry fetch attempt 1 at 8:44:49 PM
36 info attempt registry request try #1 at 8:44:49 PM
37 http fetch GET https://registry.npmjs.org/node-daemon/-/node-daemon-0.0.15.tgz
38 http fetch 200 https://registry.npmjs.org/node-daemon/-/node-daemon-0.0.15.tgz
39 silly fetchAndShaCheck shasum b38282bb7bf1182dfa0acf61da5f2c199a6913e4
40 verbose addTmpTarball /var/folders/yq/4bwjnm8s7_l2h5_x271fx3cr0000gn/T/npm-50462-e4c8c263/registry.npmjs.org/node-daemon/-/node-daemon-0.0.15.tgz not in flight; adding
41 verbose addTmpTarball already have metadata; skipping unpack for node-daemon@0.0.15
42 silly cache afterAdd node-daemon@0.0.15
43 verbose afterAdd /Users/charleslee/.npm/node-daemon/0.0.15/package/package.json not in flight; writing
44 verbose afterAdd /Users/charleslee/.npm/node-daemon/0.0.15/package/package.json written
45 silly install resolved [ { name: 'node-daemon',
45 silly install resolved     version: '0.0.15',
45 silly install resolved     description: 'Runs a specified worker in a daemonized cluster',
45 silly install resolved     keywords: [ 'daemon', 'cluster', 'worker' ],
45 silly install resolved     os: [ 'darwin', 'linux' ],
45 silly install resolved     preferGlobal: true,
45 silly install resolved     repository: { type: 'git', url: 'git://github.com/urzhumskov/node-daemon' },
45 silly install resolved     bugs: { url: 'https://github.com/urzhumskov/node-daemon/issues' },
45 silly install resolved     homepage: 'https://github.com/urzhumskov/node-daemon',
45 silly install resolved     main: 'node-daemon.js',
45 silly install resolved     bin:
45 silly install resolved      { 'node-daemon': './node-daemon.js',
45 silly install resolved        'node-daemon-ctl': './node-daemon-ctl.js' },
45 silly install resolved     files:
45 silly install resolved      [ 'README.md',
45 silly install resolved        'LICENSE',
45 silly install resolved        'node-daemon.ls',
45 silly install resolved        'node-daemon-ctl.ls',
45 silly install resolved        'node-daemon.js',
45 silly install resolved        'node-daemon-ctl.js' ],
45 silly install resolved     scripts:
45 silly install resolved      { test: 'echo "Error: no test specified" && exit 1',
45 silly install resolved        prepublish: 'lsc -bc node-daemon.ls node-daemon-ctl.ls ; sed -i -f prepend-shebang.sed *.js ' },
45 silly install resolved     author:
45 silly install resolved      { name: 'Sergey Urzhumskov',
45 silly install resolved        email: 'sergey.urzhumskov@frumatic.com' },
45 silly install resolved     licenses: [ [Object] ],
45 silly install resolved     devDependencies: { LiveScript: '^1.2.0' },
45 silly install resolved     dependencies:
45 silly install resolved      { async: '^0.9.0',
45 silly install resolved        daemon: '^1.1.0',
45 silly install resolved        moment: '^2.6.0',
45 silly install resolved        optionator: '^0.4.0',
45 silly install resolved        pidusage: '0.0.4',
45 silly install resolved        'prelude-ls': '^1.1.1',
45 silly install resolved        prettysize: '0.0.3',
45 silly install resolved        winston: '^0.7.3' },
45 silly install resolved     engines: { node: '>= 0.8.0' },
45 silly install resolved     gitHead: '4e54113bfab885e558c44aa04cb512e7d57473ba',
45 silly install resolved     _id: 'node-daemon@0.0.15',
45 silly install resolved     _shasum: 'b38282bb7bf1182dfa0acf61da5f2c199a6913e4',
45 silly install resolved     _from: 'node-daemon@*',
45 silly install resolved     _npmVersion: '1.4.13',
45 silly install resolved     _npmUser: { name: 'kinbot', email: 'kinbot@gmail.com' },
45 silly install resolved     maintainers: [ [Object] ],
45 silly install resolved     dist:
45 silly install resolved      { shasum: 'b38282bb7bf1182dfa0acf61da5f2c199a6913e4',
45 silly install resolved        tarball: 'http://registry.npmjs.org/node-daemon/-/node-daemon-0.0.15.tgz' },
45 silly install resolved     directories: {},
45 silly install resolved     _resolved: 'https://registry.npmjs.org/node-daemon/-/node-daemon-0.0.15.tgz' } ]
46 info install node-daemon@0.0.15 into /usr/local/lib
47 info installOne node-daemon@0.0.15
48 verbose installOne of node-daemon to /usr/local/lib not in flight; installing
49 verbose lock using /Users/charleslee/.npm/_locks/node-daemon-78917528037d500f.lock for /usr/local/lib/node_modules/node-daemon
50 silly install write writing node-daemon 0.0.15 to /usr/local/lib/node_modules/node-daemon
51 verbose unbuild lib/node_modules/node-daemon
52 silly gentlyRm /usr/local/lib/node_modules/node-daemon is being purged from base /usr/local
53 verbose gentlyRm don't care about contents; nuking /usr/local/lib/node_modules/node-daemon
54 verbose tar unpack /Users/charleslee/.npm/node-daemon/0.0.15/package.tgz
55 verbose tar unpacking to /usr/local/lib/node_modules/node-daemon
56 silly gentlyRm /usr/local/lib/node_modules/node-daemon is being purged
57 verbose gentlyRm don't care about contents; nuking /usr/local/lib/node_modules/node-daemon
58 silly gunzTarPerm modes [ '755', '644' ]
59 error tar.unpack untar error /Users/charleslee/.npm/node-daemon/0.0.15/package.tgz
60 verbose unlock done using /Users/charleslee/.npm/_locks/node-daemon-78917528037d500f.lock for /usr/local/lib/node_modules/node-daemon
61 verbose fstream_path /usr/local/lib/node_modules/node-daemon
62 verbose fstream_type Directory
63 verbose fstream_class DirWriter
64 verbose stack Error: EACCES, mkdir '/usr/local/lib/node_modules/node-daemon'
64 verbose stack     at Error (native)
65 verbose fstream_stack /usr/local/lib/node_modules/npm/node_modules/fstream/lib/dir-writer.js:35:25
65 verbose fstream_stack /usr/local/lib/node_modules/npm/node_modules/mkdirp/index.js:47:53
65 verbose fstream_stack FSReqWrap.oncomplete (fs.js:95:15)
66 verbose cwd /Users/charleslee/Desktop/projects/blogExpress
67 error Darwin 14.5.0
68 error argv "node" "/usr/local/bin/npm" "install" "node-daemon" "-g"
69 error node v0.12.7
70 error npm  v2.14.3
71 error path /usr/local/lib/node_modules/node-daemon
72 error code EACCES
73 error errno -13
74 error Error: EACCES, mkdir '/usr/local/lib/node_modules/node-daemon'
74 error     at Error (native)
74 error  { [Error: EACCES, mkdir '/usr/local/lib/node_modules/node-daemon']
74 error   errno: -13,
74 error   code: 'EACCES',
74 error   path: '/usr/local/lib/node_modules/node-daemon',
74 error   fstream_type: 'Directory',
74 error   fstream_path: '/usr/local/lib/node_modules/node-daemon',
74 error   fstream_class: 'DirWriter',
74 error   fstream_stack:
74 error    [ '/usr/local/lib/node_modules/npm/node_modules/fstream/lib/dir-writer.js:35:25',
74 error      '/usr/local/lib/node_modules/npm/node_modules/mkdirp/index.js:47:53',
74 error      'FSReqWrap.oncomplete (fs.js:95:15)' ] }
75 error Please try running this command again as root/Administrator.
76 verbose exit [ -13, true ]
77 verbose unbuild lib/node_modules/node-daemon
78 silly gentlyRm /usr/local/lib/node_modules/node-daemon is being purged from base /usr/local
79 verbose gentlyRm don't care about contents; nuking /usr/local/lib/node_modules/node-daemon
